<?xml version="1.0" encoding="UTF-8"?>
<!-- Generated by org.testng.reporters.JUnitReportReporter -->
<testsuite hostname="sanyamwadhwa-1.local" failures="0" tests="2" name="com.poc.test.handleAlertTests" time="0.007" errors="0" timestamp="2021-07-11T23:35:25 IST" skipped="0">
  <testcase classname="com.poc.test.handleAlertTests" name="sampleTest" time="0.001"/>
  <system-out/>
  <testcase classname="com.poc.test.handleAlertTests" name="AlertButton" time="0.006"/>
  <system-out/>
</testsuite> <!-- com.poc.test.handleAlertTests -->
