<?xml version="1.0" encoding="UTF-8"?>
<!-- Generated by org.testng.reporters.JUnitReportReporter -->
<testsuite hostname="sanyamwadhwa-1.local" failures="0" tests="1" name="POC_Test.BaseTest" time="0.014" errors="0" timestamp="2021-07-10T19:40:43 IST" skipped="0">
  <testcase classname="POC_Test.BaseTest" name="sampleTest" time="0.014"/>
  <system-out/>
</testsuite> <!-- POC_Test.BaseTest -->
